c:\users\nick\source\repos\linal\kmint_framework\framework\sdlframework\sdlframework\debug\vc141.pdb
c:\users\nick\source\repos\linal\kmint_framework\framework\sdlframework\sdlframework\debug\vc141.idb
c:\users\nick\source\repos\linal\kmint_framework\framework\sdlframework\sdlframework\debug\fwapplication.obj
c:\users\nick\source\repos\linal\kmint_framework\framework\sdlframework\sdlframework\debug\main.obj
c:\users\nick\source\repos\linal\kmint_framework\framework\sdlframework\sdlframework\debug\matrix.obj
c:\users\nick\source\repos\linal\kmint_framework\framework\sdlframework\sdlframework\debug\vector.obj
c:\users\nick\source\repos\linal\kmint_framework\framework\sdlframework\debug\sdlframework.ilk
c:\users\nick\source\repos\linal\kmint_framework\framework\sdlframework\debug\sdlframework.exe
c:\users\nick\source\repos\linal\kmint_framework\framework\sdlframework\debug\sdlframework.pdb
c:\users\nick\source\repos\linal\kmint_framework\framework\sdlframework\sdlframework\debug\attackstate.obj
c:\users\nick\source\repos\linal\kmint_framework\framework\sdlframework\sdlframework\debug\cow.obj
c:\users\nick\source\repos\linal\kmint_framework\framework\sdlframework\sdlframework\debug\edge.obj
c:\users\nick\source\repos\linal\kmint_framework\framework\sdlframework\sdlframework\debug\finditemstate.obj
c:\users\nick\source\repos\linal\kmint_framework\framework\sdlframework\sdlframework\debug\graph.obj
c:\users\nick\source\repos\linal\kmint_framework\framework\sdlframework\sdlframework\debug\navagent.obj
c:\users\nick\source\repos\linal\kmint_framework\framework\sdlframework\sdlframework\debug\navstateagent.obj
c:\users\nick\source\repos\linal\kmint_framework\framework\sdlframework\sdlframework\debug\node.obj
c:\users\nick\source\repos\linal\kmint_framework\framework\sdlframework\sdlframework\debug\rabbit.obj
c:\users\nick\source\repos\linal\kmint_framework\framework\sdlframework\sdlframework\debug\runstate.obj
c:\users\nick\source\repos\linal\kmint_framework\framework\sdlframework\sdlframework\debug\state.obj
c:\users\nick\source\repos\linal\kmint_framework\framework\sdlframework\sdlframework\debug\stateagent.obj
c:\users\nick\source\repos\linal\kmint_framework\framework\sdlframework\sdlframework\debug\statetransition.obj
c:\users\nick\source\repos\linal\kmint_framework\framework\sdlframework\sdlframework\debug\walkstate.obj
c:\users\nick\source\repos\linal\kmint_framework\framework\sdlframework\sdlframework\debug\weapon.obj
c:\users\nick\source\repos\linal\kmint_framework\framework\sdlframework\sdlframework\debug\main.obj.enc
c:\users\nick\source\repos\linal\kmint_framework\framework\sdlframework\sdlframework\debug\vc120.idb
c:\users\nick\source\repos\linal\kmint_framework\framework\sdlframework\sdlframework\debug\vc120.pdb
c:\users\nick\source\repos\linal\kmint_framework\framework\sdlframework\sdlframework\debug\sdlframework.tlog\cl.command.1.tlog
c:\users\nick\source\repos\linal\kmint_framework\framework\sdlframework\sdlframework\debug\sdlframework.tlog\cl.read.1.tlog
c:\users\nick\source\repos\linal\kmint_framework\framework\sdlframework\sdlframework\debug\sdlframework.tlog\cl.write.1.tlog
c:\users\nick\source\repos\linal\kmint_framework\framework\sdlframework\sdlframework\debug\sdlframework.tlog\link.command.1.tlog
c:\users\nick\source\repos\linal\kmint_framework\framework\sdlframework\sdlframework\debug\sdlframework.tlog\link.delete.1.tlog
c:\users\nick\source\repos\linal\kmint_framework\framework\sdlframework\sdlframework\debug\sdlframework.tlog\link.read.1.tlog
c:\users\nick\source\repos\linal\kmint_framework\framework\sdlframework\sdlframework\debug\sdlframework.tlog\link.write.1.tlog
