  Vector.cpp
  Matrix.cpp
  Main.cpp
c:\users\gebruiker\source\repos\linal\kmint_framework\framework\sdlframework\sdlframework\main.cpp(53): warning C4065: switch statement contains 'default' but no 'case' labels
  FWApplication.cpp
c:\users\gebruiker\source\repos\linal\kmint_framework\framework\sdlframework\sdlframework\fwapplication.cpp(333): warning C4838: conversion from 'uint32_t' to 'Uint8' requires a narrowing conversion
  Generating Code...
FWApplication.obj : error LNK2019: unresolved external symbol SDL_GetError referenced in function "public: __cdecl FWApplication::FWApplication(int,int,int,int)" (??0FWApplication@@QEAA@HHHH@Z)
FWApplication.obj : error LNK2019: unresolved external symbol SDL_FreeSurface referenced in function "public: void __cdecl FWApplication::DrawText(class std::basic_string<char,struct std::char_traits<char>,class std::allocator<char> > const &,unsigned int,unsigned int)" (?DrawText@FWApplication@@QEAAXAEBV?$basic_string@DU?$char_traits@D@std@@V?$allocator@D@2@@std@@II@Z)
FWApplication.obj : error LNK2019: unresolved external symbol SDL_CreateWindow referenced in function "public: __cdecl FWApplication::FWApplication(int,int,int,int)" (??0FWApplication@@QEAA@HHHH@Z)
FWApplication.obj : error LNK2019: unresolved external symbol SDL_DestroyWindow referenced in function "public: __cdecl FWApplication::FWApplication(int,int,int,int)" (??0FWApplication@@QEAA@HHHH@Z)
FWApplication.obj : error LNK2019: unresolved external symbol SDL_GetBasePath referenced in function "public: class std::basic_string<char,struct std::char_traits<char>,class std::allocator<char> > __cdecl FWApplication::GetRelativePath(class std::basic_string<char,struct std::char_traits<char>,class std::allocator<char> > const &)const " (?GetRelativePath@FWApplication@@QEBA?AV?$basic_string@DU?$char_traits@D@std@@V?$allocator@D@2@@std@@AEBV23@@Z)
FWApplication.obj : error LNK2019: unresolved external symbol SDL_CreateRenderer referenced in function "public: __cdecl FWApplication::FWApplication(int,int,int,int)" (??0FWApplication@@QEAA@HHHH@Z)
FWApplication.obj : error LNK2019: unresolved external symbol SDL_CreateTextureFromSurface referenced in function "public: void __cdecl FWApplication::DrawText(class std::basic_string<char,struct std::char_traits<char>,class std::allocator<char> > const &,unsigned int,unsigned int)" (?DrawText@FWApplication@@QEAAXAEBV?$basic_string@DU?$char_traits@D@std@@V?$allocator@D@2@@std@@II@Z)
FWApplication.obj : error LNK2019: unresolved external symbol SDL_QueryTexture referenced in function "public: void __cdecl FWApplication::DrawTexture(struct SDL_Texture *,int,int)" (?DrawTexture@FWApplication@@QEAAXPEAUSDL_Texture@@HH@Z)
FWApplication.obj : error LNK2019: unresolved external symbol SDL_SetTextureBlendMode referenced in function "public: void __cdecl FWApplication::DrawTexture(struct SDL_Texture *,int,int)" (?DrawTexture@FWApplication@@QEAAXPEAUSDL_Texture@@HH@Z)
FWApplication.obj : error LNK2019: unresolved external symbol SDL_SetRenderDrawColor referenced in function "public: void __cdecl FWApplication::SetColor(struct Color const &)" (?SetColor@FWApplication@@QEAAXAEBUColor@@@Z)
FWApplication.obj : error LNK2019: unresolved external symbol SDL_RenderClear referenced in function "public: void __cdecl FWApplication::StartTick(void)" (?StartTick@FWApplication@@QEAAXXZ)
FWApplication.obj : error LNK2019: unresolved external symbol SDL_RenderDrawLine referenced in function "public: void __cdecl FWApplication::DrawLine(int,int,int,int)" (?DrawLine@FWApplication@@QEAAXHHHH@Z)
FWApplication.obj : error LNK2019: unresolved external symbol SDL_RenderDrawRect referenced in function "public: void __cdecl FWApplication::DrawRect(int,int,int,int,bool)" (?DrawRect@FWApplication@@QEAAXHHHH_N@Z)
FWApplication.obj : error LNK2019: unresolved external symbol SDL_RenderFillRect referenced in function "public: void __cdecl FWApplication::DrawRect(int,int,int,int,bool)" (?DrawRect@FWApplication@@QEAAXHHHH_N@Z)
FWApplication.obj : error LNK2019: unresolved external symbol SDL_RenderCopy referenced in function "public: void __cdecl FWApplication::DrawTexture(struct SDL_Texture *,int,int)" (?DrawTexture@FWApplication@@QEAAXPEAUSDL_Texture@@HH@Z)
FWApplication.obj : error LNK2019: unresolved external symbol SDL_RenderPresent referenced in function "public: void __cdecl FWApplication::EndTick(void)" (?EndTick@FWApplication@@QEAAXXZ)
FWApplication.obj : error LNK2019: unresolved external symbol SDL_DestroyTexture referenced in function "public: void __cdecl FWApplication::DrawText(class std::basic_string<char,struct std::char_traits<char>,class std::allocator<char> > const &,unsigned int,unsigned int)" (?DrawText@FWApplication@@QEAAXAEBV?$basic_string@DU?$char_traits@D@std@@V?$allocator@D@2@@std@@II@Z)
FWApplication.obj : error LNK2019: unresolved external symbol SDL_DestroyRenderer referenced in function "public: __cdecl FWApplication::FWApplication(int,int,int,int)" (??0FWApplication@@QEAA@HHHH@Z)
FWApplication.obj : error LNK2019: unresolved external symbol SDL_GetTicks referenced in function "public: void __cdecl FWApplication::EndTick(void)" (?EndTick@FWApplication@@QEAAXXZ)
FWApplication.obj : error LNK2019: unresolved external symbol SDL_Delay referenced in function "public: void __cdecl FWApplication::EndTick(void)" (?EndTick@FWApplication@@QEAAXXZ)
FWApplication.obj : error LNK2019: unresolved external symbol SDL_Init referenced in function "public: __cdecl FWApplication::FWApplication(int,int,int,int)" (??0FWApplication@@QEAA@HHHH@Z)
FWApplication.obj : error LNK2019: unresolved external symbol SDL_Quit referenced in function "public: __cdecl FWApplication::~FWApplication(void)" (??1FWApplication@@QEAA@XZ)
FWApplication.obj : error LNK2019: unresolved external symbol TTF_Init referenced in function "public: __cdecl FWApplication::FWApplication(int,int,int,int)" (??0FWApplication@@QEAA@HHHH@Z)
FWApplication.obj : error LNK2019: unresolved external symbol TTF_OpenFont referenced in function "public: void __cdecl FWApplication::SetFont(class std::basic_string<char,struct std::char_traits<char>,class std::allocator<char> > const &)" (?SetFont@FWApplication@@QEAAXAEBV?$basic_string@DU?$char_traits@D@std@@V?$allocator@D@2@@std@@@Z)
FWApplication.obj : error LNK2019: unresolved external symbol TTF_RenderText_Blended referenced in function "public: void __cdecl FWApplication::DrawText(class std::basic_string<char,struct std::char_traits<char>,class std::allocator<char> > const &,unsigned int,unsigned int)" (?DrawText@FWApplication@@QEAAXAEBV?$basic_string@DU?$char_traits@D@std@@V?$allocator@D@2@@std@@II@Z)
FWApplication.obj : error LNK2019: unresolved external symbol TTF_CloseFont referenced in function "public: __cdecl FWApplication::~FWApplication(void)" (??1FWApplication@@QEAA@XZ)
FWApplication.obj : error LNK2019: unresolved external symbol TTF_Quit referenced in function "public: __cdecl FWApplication::~FWApplication(void)" (??1FWApplication@@QEAA@XZ)
FWApplication.obj : error LNK2019: unresolved external symbol IMG_Init referenced in function "public: __cdecl FWApplication::FWApplication(int,int,int,int)" (??0FWApplication@@QEAA@HHHH@Z)
FWApplication.obj : error LNK2019: unresolved external symbol IMG_Load referenced in function "public: struct SDL_Texture * __cdecl FWApplication::LoadTexture(class std::basic_string<char,struct std::char_traits<char>,class std::allocator<char> > const &)" (?LoadTexture@FWApplication@@QEAAPEAUSDL_Texture@@AEBV?$basic_string@DU?$char_traits@D@std@@V?$allocator@D@2@@std@@@Z)
Main.obj : error LNK2019: unresolved external symbol SDL_PollEvent referenced in function main
Main.obj : error LNK2019: unresolved external symbol "public: __cdecl Vector<int>::Vector<int>(int)" (??0?$Vector@H@@QEAA@H@Z) referenced in function main
Main.obj : error LNK2019: unresolved external symbol "public: __cdecl Vector<int>::~Vector<int>(void)" (??1?$Vector@H@@QEAA@XZ) referenced in function main
Main.obj : error LNK2019: unresolved external symbol "public: void __cdecl Vector<int>::addItem(int)" (?addItem@?$Vector@H@@QEAAXH@Z) referenced in function main
Main.obj : error LNK2019: unresolved external symbol "public: void __cdecl Vector<int>::show(class FWApplication *)" (?show@?$Vector@H@@QEAAXPEAVFWApplication@@@Z) referenced in function main
C:\Users\Gebruiker\source\repos\LINAL\KMINT_Framework\Framework\SDLFramework\SDLFramework\..\..\SDL2-2.0.3\lib\x86\SDL2.lib : warning LNK4272: library machine type 'x86' conflicts with target machine type 'x64'
C:\Users\Gebruiker\source\repos\LINAL\KMINT_Framework\Framework\SDLFramework\SDLFramework\..\..\SDL2-2.0.3\lib\x86\SDL2main.lib : warning LNK4272: library machine type 'x86' conflicts with target machine type 'x64'
C:\Users\Gebruiker\source\repos\LINAL\KMINT_Framework\Framework\SDLFramework\SDLFramework\..\..\SDL2-2.0.3\lib\x86\SDL2test.lib : warning LNK4272: library machine type 'x86' conflicts with target machine type 'x64'
C:\Users\Gebruiker\source\repos\LINAL\KMINT_Framework\Framework\SDLFramework\SDLFramework\..\..\SDL2_ttf-2.0.12\lib\x86\SDL2_ttf.lib : warning LNK4272: library machine type 'x86' conflicts with target machine type 'x64'
C:\Users\Gebruiker\source\repos\LINAL\KMINT_Framework\Framework\SDLFramework\SDLFramework\..\..\SDL2_image-2.0.0\lib\x86\SDL2_image.lib : warning LNK4272: library machine type 'x86' conflicts with target machine type 'x64'
C:\Users\Gebruiker\Source\Repos\LINAL\KMINT_Framework\Framework\SDLFramework\x64\Debug\SDLFramework.exe : fatal error LNK1120: 34 unresolved externals
